[1.440s] DEBUG:colcon:Command line arguments: ['/usr/bin/colcon', 'build']
[1.440s] DEBUG:colcon:Parsed command line arguments: Namespace(log_base=None, log_level=None, verb_name='build', build_base='build', install_base='install', merge_install=False, symlink_install=False, test_result_base=None, continue_on_error=False, executor='parallel', parallel_workers=8, event_handlers=None, ignore_user_meta=False, metas=['./colcon.meta'], base_paths=['.'], packages_ignore=None, packages_ignore_regex=None, paths=None, packages_up_to=None, packages_up_to_regex=None, packages_above=None, packages_above_and_dependencies=None, packages_above_depth=None, packages_select_by_dep=None, packages_skip_by_dep=None, packages_skip_up_to=None, packages_select_build_failed=False, packages_skip_build_finished=False, packages_select_test_failures=False, packages_skip_test_passed=False, packages_select=None, packages_skip=None, packages_select_regex=None, packages_skip_regex=None, packages_start=None, packages_end=None, allow_overriding=[], cmake_args=None, cmake_target=None, cmake_target_skip_unavailable=False, cmake_clean_cache=False, cmake_clean_first=False, cmake_force_configure=False, ament_cmake_args=None, catkin_cmake_args=None, catkin_skip_building_tests=False, verb_parser=<colcon_defaults.argument_parser.defaults.DefaultArgumentsDecorator object at 0x7cdb6be646a0>, verb_extension=<colcon_core.verb.build.BuildVerb object at 0x7cdb6bf65b10>, main=<bound method BuildVerb.main of <colcon_core.verb.build.BuildVerb object at 0x7cdb6bf65b10>>)
[3.157s] Level 1:colcon.colcon_core.package_discovery:discover_packages(colcon_meta) check parameters
[3.157s] Level 1:colcon.colcon_core.package_discovery:discover_packages(recursive) check parameters
[3.158s] Level 1:colcon.colcon_core.package_discovery:discover_packages(ignore) check parameters
[3.158s] Level 1:colcon.colcon_core.package_discovery:discover_packages(path) check parameters
[3.158s] Level 1:colcon.colcon_core.package_discovery:discover_packages(colcon_meta) discover
[3.158s] Level 1:colcon.colcon_core.package_discovery:discover_packages(recursive) discover
[3.158s] INFO:colcon.colcon_core.package_discovery:Crawling recursively for packages in '/home/andi/Desktop/ROS2Learning/ros2_turtlectrl'
[3.158s] Level 1:colcon.colcon_core.package_identification:_identify(.) by extensions ['ignore', 'ignore_ament_install']
[3.158s] Level 1:colcon.colcon_core.package_identification:_identify(.) by extension 'ignore'
[3.158s] Level 1:colcon.colcon_core.package_identification:_identify(.) by extension 'ignore_ament_install'
[3.158s] Level 1:colcon.colcon_core.package_identification:_identify(.) by extensions ['colcon_pkg']
[3.158s] Level 1:colcon.colcon_core.package_identification:_identify(.) by extension 'colcon_pkg'
[3.158s] Level 1:colcon.colcon_core.package_identification:_identify(.) by extensions ['colcon_meta']
[3.158s] Level 1:colcon.colcon_core.package_identification:_identify(.) by extension 'colcon_meta'
[3.158s] Level 1:colcon.colcon_core.package_identification:_identify(.) by extensions ['ros']
[3.158s] Level 1:colcon.colcon_core.package_identification:_identify(.) by extension 'ros'
[3.181s] Level 1:colcon.colcon_core.package_identification:_identify(.) by extensions ['cmake', 'python']
[3.181s] Level 1:colcon.colcon_core.package_identification:_identify(.) by extension 'cmake'
[3.181s] Level 1:colcon.colcon_core.package_identification:_identify(.) by extension 'python'
[3.181s] Level 1:colcon.colcon_core.package_identification:_identify(.) by extensions ['python_setup_py']
[3.181s] Level 1:colcon.colcon_core.package_identification:_identify(.) by extension 'python_setup_py'
[3.182s] Level 1:colcon.colcon_core.package_identification:_identify(build) by extensions ['ignore', 'ignore_ament_install']
[3.182s] Level 1:colcon.colcon_core.package_identification:_identify(build) by extension 'ignore'
[3.182s] Level 1:colcon.colcon_core.package_identification:_identify(build) ignored
[3.182s] Level 1:colcon.colcon_core.package_identification:_identify(install) by extensions ['ignore', 'ignore_ament_install']
[3.182s] Level 1:colcon.colcon_core.package_identification:_identify(install) by extension 'ignore'
[3.182s] Level 1:colcon.colcon_core.package_identification:_identify(install) ignored
[3.182s] Level 1:colcon.colcon_core.package_identification:_identify(log) by extensions ['ignore', 'ignore_ament_install']
[3.182s] Level 1:colcon.colcon_core.package_identification:_identify(log) by extension 'ignore'
[3.182s] Level 1:colcon.colcon_core.package_identification:_identify(log) ignored
[3.183s] Level 1:colcon.colcon_core.package_identification:_identify(src) by extensions ['ignore', 'ignore_ament_install']
[3.183s] Level 1:colcon.colcon_core.package_identification:_identify(src) by extension 'ignore'
[3.183s] Level 1:colcon.colcon_core.package_identification:_identify(src) by extension 'ignore_ament_install'
[3.183s] Level 1:colcon.colcon_core.package_identification:_identify(src) by extensions ['colcon_pkg']
[3.183s] Level 1:colcon.colcon_core.package_identification:_identify(src) by extension 'colcon_pkg'
[3.183s] Level 1:colcon.colcon_core.package_identification:_identify(src) by extensions ['colcon_meta']
[3.183s] Level 1:colcon.colcon_core.package_identification:_identify(src) by extension 'colcon_meta'
[3.183s] Level 1:colcon.colcon_core.package_identification:_identify(src) by extensions ['ros']
[3.183s] Level 1:colcon.colcon_core.package_identification:_identify(src) by extension 'ros'
[3.183s] Level 1:colcon.colcon_core.package_identification:_identify(src) by extensions ['cmake', 'python']
[3.183s] Level 1:colcon.colcon_core.package_identification:_identify(src) by extension 'cmake'
[3.183s] Level 1:colcon.colcon_core.package_identification:_identify(src) by extension 'python'
[3.183s] Level 1:colcon.colcon_core.package_identification:_identify(src) by extensions ['python_setup_py']
[3.183s] Level 1:colcon.colcon_core.package_identification:_identify(src) by extension 'python_setup_py'
[3.183s] Level 1:colcon.colcon_core.package_identification:_identify(src/py_turtlectrl) by extensions ['ignore', 'ignore_ament_install']
[3.184s] Level 1:colcon.colcon_core.package_identification:_identify(src/py_turtlectrl) by extension 'ignore'
[3.184s] Level 1:colcon.colcon_core.package_identification:_identify(src/py_turtlectrl) by extension 'ignore_ament_install'
[3.184s] Level 1:colcon.colcon_core.package_identification:_identify(src/py_turtlectrl) by extensions ['colcon_pkg']
[3.184s] Level 1:colcon.colcon_core.package_identification:_identify(src/py_turtlectrl) by extension 'colcon_pkg'
[3.184s] Level 1:colcon.colcon_core.package_identification:_identify(src/py_turtlectrl) by extensions ['colcon_meta']
[3.184s] Level 1:colcon.colcon_core.package_identification:_identify(src/py_turtlectrl) by extension 'colcon_meta'
[3.184s] Level 1:colcon.colcon_core.package_identification:_identify(src/py_turtlectrl) by extensions ['ros']
[3.184s] Level 1:colcon.colcon_core.package_identification:_identify(src/py_turtlectrl) by extension 'ros'
[3.185s] DEBUG:colcon.colcon_core.package_identification:Failed to parse potential ROS package manifest in'src/py_turtlectrl': Error(s) in package 'src/py_turtlectrl/package.xml':
The manifest contains invalid XML:
not well-formed (invalid token): line 14, column 2
[3.185s] Level 1:colcon.colcon_core.package_identification:_identify(src/py_turtlectrl) by extensions ['cmake', 'python']
[3.185s] Level 1:colcon.colcon_core.package_identification:_identify(src/py_turtlectrl) by extension 'cmake'
[3.185s] Level 1:colcon.colcon_core.package_identification:_identify(src/py_turtlectrl) by extension 'python'
[3.185s] DEBUG:colcon.colcon_core.package_identification:Python package in 'src/py_turtlectrl' passes arguments to the setup() function which requires a different identification extension than 'python'
[3.185s] Level 1:colcon.colcon_core.package_identification:_identify(src/py_turtlectrl) by extensions ['python_setup_py']
[3.185s] Level 1:colcon.colcon_core.package_identification:_identify(src/py_turtlectrl) by extension 'python_setup_py'
[3.561s] DEBUG:colcon.colcon_core.package_identification:Package 'src/py_turtlectrl' with type 'python' and name 'py_turtlectrl'
[3.562s] Level 1:colcon.colcon_core.package_discovery:discover_packages(recursive) using defaults
[3.563s] Level 1:colcon.colcon_core.package_discovery:discover_packages(ignore) discover
[3.563s] Level 1:colcon.colcon_core.package_discovery:discover_packages(ignore) using defaults
[3.564s] Level 1:colcon.colcon_core.package_discovery:discover_packages(path) discover
[3.564s] Level 1:colcon.colcon_core.package_discovery:discover_packages(path) using defaults
[3.605s] Level 1:colcon.colcon_core.package_discovery:discover_packages(prefix_path) check parameters
[3.606s] Level 1:colcon.colcon_core.package_discovery:discover_packages(prefix_path) discover
[3.631s] DEBUG:colcon.colcon_installed_package_information.package_discovery:Found 441 installed packages in /opt/ros/humble
[3.634s] Level 1:colcon.colcon_core.package_discovery:discover_packages(prefix_path) using defaults
[3.715s] Level 5:colcon.colcon_core.verb:set package 'py_turtlectrl' build argument 'cmake_args' from command line to 'None'
[3.715s] Level 5:colcon.colcon_core.verb:set package 'py_turtlectrl' build argument 'cmake_target' from command line to 'None'
[3.715s] Level 5:colcon.colcon_core.verb:set package 'py_turtlectrl' build argument 'cmake_target_skip_unavailable' from command line to 'False'
[3.715s] Level 5:colcon.colcon_core.verb:set package 'py_turtlectrl' build argument 'cmake_clean_cache' from command line to 'False'
[3.716s] Level 5:colcon.colcon_core.verb:set package 'py_turtlectrl' build argument 'cmake_clean_first' from command line to 'False'
[3.716s] Level 5:colcon.colcon_core.verb:set package 'py_turtlectrl' build argument 'cmake_force_configure' from command line to 'False'
[3.716s] Level 5:colcon.colcon_core.verb:set package 'py_turtlectrl' build argument 'ament_cmake_args' from command line to 'None'
[3.716s] Level 5:colcon.colcon_core.verb:set package 'py_turtlectrl' build argument 'catkin_cmake_args' from command line to 'None'
[3.716s] Level 5:colcon.colcon_core.verb:set package 'py_turtlectrl' build argument 'catkin_skip_building_tests' from command line to 'False'
[3.716s] DEBUG:colcon.colcon_core.verb:Building package 'py_turtlectrl' with the following arguments: {'ament_cmake_args': None, 'build_base': '/home/andi/Desktop/ROS2Learning/ros2_turtlectrl/build/py_turtlectrl', 'catkin_cmake_args': None, 'catkin_skip_building_tests': False, 'cmake_args': None, 'cmake_clean_cache': False, 'cmake_clean_first': False, 'cmake_force_configure': False, 'cmake_target': None, 'cmake_target_skip_unavailable': False, 'install_base': '/home/andi/Desktop/ROS2Learning/ros2_turtlectrl/install/py_turtlectrl', 'merge_install': False, 'path': '/home/andi/Desktop/ROS2Learning/ros2_turtlectrl/src/py_turtlectrl', 'symlink_install': False, 'test_result_base': None}
[3.716s] INFO:colcon.colcon_core.executor:Executing jobs using 'parallel' executor
[3.717s] DEBUG:colcon.colcon_parallel_executor.executor.parallel:run_until_complete
[3.717s] INFO:colcon.colcon_core.task.python.build:Building Python package in '/home/andi/Desktop/ROS2Learning/ros2_turtlectrl/src/py_turtlectrl'
[3.721s] INFO:colcon.colcon_core.plugin_system:Skipping extension 'colcon_core.shell.bat': Not used on non-Windows systems
[3.723s] INFO:colcon.colcon_core.shell:Skip shell extension 'powershell' for command environment: Not usable outside of PowerShell
[3.724s] DEBUG:colcon.colcon_core.shell:Skip shell extension 'dsv' for command environment
[5.062s] DEBUG:colcon.colcon_core.event_handler.log_command:Invoking command in '/home/andi/Desktop/ROS2Learning/ros2_turtlectrl/src/py_turtlectrl': PYTHONPATH=/home/andi/Desktop/ROS2Learning/ros2_turtlectrl/build/py_turtlectrl/prefix_override:/usr/lib/python3/dist-packages/colcon_core/task/python/colcon_distutils_commands:/home/andi/Desktop/ROS2Learning/ros2_turtlectrl/install/py_turtlectrl/lib/python3.10/site-packages:${PYTHONPATH} /usr/bin/python3 -W ignore:setup.py install is deprecated -W ignore:easy_install command is deprecated setup.py egg_info --egg-base ../../build/py_turtlectrl build --build-base /home/andi/Desktop/ROS2Learning/ros2_turtlectrl/build/py_turtlectrl/build install --record /home/andi/Desktop/ROS2Learning/ros2_turtlectrl/build/py_turtlectrl/install.log --single-version-externally-managed install_data
[5.612s] DEBUG:colcon.colcon_core.event_handler.log_command:Invoked command in '/home/andi/Desktop/ROS2Learning/ros2_turtlectrl/src/py_turtlectrl' returned '0': PYTHONPATH=/home/andi/Desktop/ROS2Learning/ros2_turtlectrl/build/py_turtlectrl/prefix_override:/usr/lib/python3/dist-packages/colcon_core/task/python/colcon_distutils_commands:/home/andi/Desktop/ROS2Learning/ros2_turtlectrl/install/py_turtlectrl/lib/python3.10/site-packages:${PYTHONPATH} /usr/bin/python3 -W ignore:setup.py install is deprecated -W ignore:easy_install command is deprecated setup.py egg_info --egg-base ../../build/py_turtlectrl build --build-base /home/andi/Desktop/ROS2Learning/ros2_turtlectrl/build/py_turtlectrl/build install --record /home/andi/Desktop/ROS2Learning/ros2_turtlectrl/build/py_turtlectrl/install.log --single-version-externally-managed install_data
[5.620s] Level 1:colcon.colcon_core.environment:checking '/home/andi/Desktop/ROS2Learning/ros2_turtlectrl/install/py_turtlectrl' for CMake module files
[5.621s] Level 1:colcon.colcon_core.environment:checking '/home/andi/Desktop/ROS2Learning/ros2_turtlectrl/install/py_turtlectrl' for CMake config files
[5.622s] Level 1:colcon.colcon_core.environment:checking '/home/andi/Desktop/ROS2Learning/ros2_turtlectrl/install/py_turtlectrl/lib'
[5.623s] Level 1:colcon.colcon_core.environment:checking '/home/andi/Desktop/ROS2Learning/ros2_turtlectrl/install/py_turtlectrl/bin'
[5.623s] Level 1:colcon.colcon_core.environment:checking '/home/andi/Desktop/ROS2Learning/ros2_turtlectrl/install/py_turtlectrl/lib/pkgconfig/py_turtlectrl.pc'
[5.623s] Level 1:colcon.colcon_core.environment:checking '/home/andi/Desktop/ROS2Learning/ros2_turtlectrl/install/py_turtlectrl/lib/python3.10/site-packages'
[5.623s] Level 1:colcon.colcon_core.shell:create_environment_hook('py_turtlectrl', 'pythonpath')
[5.624s] INFO:colcon.colcon_core.shell:Creating environment hook '/home/andi/Desktop/ROS2Learning/ros2_turtlectrl/install/py_turtlectrl/share/py_turtlectrl/hook/pythonpath.ps1'
[5.626s] INFO:colcon.colcon_core.shell:Creating environment descriptor '/home/andi/Desktop/ROS2Learning/ros2_turtlectrl/install/py_turtlectrl/share/py_turtlectrl/hook/pythonpath.dsv'
[5.630s] INFO:colcon.colcon_core.shell:Creating environment hook '/home/andi/Desktop/ROS2Learning/ros2_turtlectrl/install/py_turtlectrl/share/py_turtlectrl/hook/pythonpath.sh'
[5.633s] Level 1:colcon.colcon_core.environment:checking '/home/andi/Desktop/ROS2Learning/ros2_turtlectrl/install/py_turtlectrl/bin'
[5.633s] Level 1:colcon.colcon_core.environment:create_environment_scripts_only(py_turtlectrl)
[5.633s] INFO:colcon.colcon_core.shell:Creating package script '/home/andi/Desktop/ROS2Learning/ros2_turtlectrl/install/py_turtlectrl/share/py_turtlectrl/package.ps1'
[5.635s] INFO:colcon.colcon_core.shell:Creating package descriptor '/home/andi/Desktop/ROS2Learning/ros2_turtlectrl/install/py_turtlectrl/share/py_turtlectrl/package.dsv'
[5.636s] INFO:colcon.colcon_core.shell:Creating package script '/home/andi/Desktop/ROS2Learning/ros2_turtlectrl/install/py_turtlectrl/share/py_turtlectrl/package.sh'
[5.637s] INFO:colcon.colcon_core.shell:Creating package script '/home/andi/Desktop/ROS2Learning/ros2_turtlectrl/install/py_turtlectrl/share/py_turtlectrl/package.bash'
[5.638s] INFO:colcon.colcon_core.shell:Creating package script '/home/andi/Desktop/ROS2Learning/ros2_turtlectrl/install/py_turtlectrl/share/py_turtlectrl/package.zsh'
[5.640s] Level 1:colcon.colcon_core.environment:create_file_with_runtime_dependencies(/home/andi/Desktop/ROS2Learning/ros2_turtlectrl/install/py_turtlectrl/share/colcon-core/packages/py_turtlectrl)
[5.640s] DEBUG:colcon.colcon_parallel_executor.executor.parallel:closing loop
[5.641s] DEBUG:colcon.colcon_parallel_executor.executor.parallel:loop closed
[5.642s] DEBUG:colcon.colcon_parallel_executor.executor.parallel:run_until_complete finished with '0'
[5.643s] DEBUG:colcon.colcon_core.event_reactor:joining thread
[5.654s] INFO:colcon.colcon_core.plugin_system:Skipping extension 'colcon_notification.desktop_notification.terminal_notifier': Not used on non-Darwin systems
[5.654s] INFO:colcon.colcon_core.plugin_system:Skipping extension 'colcon_notification.desktop_notification.win32': Not used on non-Windows systems
[5.654s] INFO:colcon.colcon_notification.desktop_notification:Sending desktop notification using 'notify2'
[5.687s] DEBUG:colcon.colcon_core.event_reactor:joined thread
[5.688s] INFO:colcon.colcon_core.shell:Creating prefix script '/home/andi/Desktop/ROS2Learning/ros2_turtlectrl/install/local_setup.ps1'
[5.695s] INFO:colcon.colcon_core.shell:Creating prefix util module '/home/andi/Desktop/ROS2Learning/ros2_turtlectrl/install/_local_setup_util_ps1.py'
[5.699s] INFO:colcon.colcon_core.shell:Creating prefix chain script '/home/andi/Desktop/ROS2Learning/ros2_turtlectrl/install/setup.ps1'
[5.701s] INFO:colcon.colcon_core.shell:Creating prefix script '/home/andi/Desktop/ROS2Learning/ros2_turtlectrl/install/local_setup.sh'
[5.703s] INFO:colcon.colcon_core.shell:Creating prefix util module '/home/andi/Desktop/ROS2Learning/ros2_turtlectrl/install/_local_setup_util_sh.py'
[5.705s] INFO:colcon.colcon_core.shell:Creating prefix chain script '/home/andi/Desktop/ROS2Learning/ros2_turtlectrl/install/setup.sh'
[5.712s] INFO:colcon.colcon_core.shell:Creating prefix script '/home/andi/Desktop/ROS2Learning/ros2_turtlectrl/install/local_setup.bash'
[5.715s] INFO:colcon.colcon_core.shell:Creating prefix chain script '/home/andi/Desktop/ROS2Learning/ros2_turtlectrl/install/setup.bash'
[5.718s] INFO:colcon.colcon_core.shell:Creating prefix script '/home/andi/Desktop/ROS2Learning/ros2_turtlectrl/install/local_setup.zsh'
[5.719s] INFO:colcon.colcon_core.shell:Creating prefix chain script '/home/andi/Desktop/ROS2Learning/ros2_turtlectrl/install/setup.zsh'
