[0.500s] Invoking command in '/home/andi/Desktop/ROS2Learning/ros2_pubsub/src/py_pubsub': PYTHONPATH=/home/andi/Desktop/ROS2Learning/ros2_pubsub/build/py_pubsub/prefix_override:/usr/lib/python3/dist-packages/colcon_core/task/python/colcon_distutils_commands:/home/andi/Desktop/ROS2Learning/ros2_pubsub/install/py_pubsub/lib/python3.10/site-packages:${PYTHONPATH} /usr/bin/python3 -W ignore:setup.py install is deprecated -W ignore:easy_install command is deprecated setup.py egg_info --egg-base ../../build/py_pubsub build --build-base /home/andi/Desktop/ROS2Learning/ros2_pubsub/build/py_pubsub/build install --record /home/andi/Desktop/ROS2Learning/ros2_pubsub/build/py_pubsub/install.log --single-version-externally-managed install_data
[0.700s] running egg_info
[0.700s] creating ../../build/py_pubsub/py_pubsub.egg-info
[0.701s] writing ../../build/py_pubsub/py_pubsub.egg-info/PKG-INFO
[0.701s] writing dependency_links to ../../build/py_pubsub/py_pubsub.egg-info/dependency_links.txt
[0.701s] writing entry points to ../../build/py_pubsub/py_pubsub.egg-info/entry_points.txt
[0.701s] writing requirements to ../../build/py_pubsub/py_pubsub.egg-info/requires.txt
[0.701s] writing top-level names to ../../build/py_pubsub/py_pubsub.egg-info/top_level.txt
[0.701s] writing manifest file '../../build/py_pubsub/py_pubsub.egg-info/SOURCES.txt'
[0.702s] reading manifest file '../../build/py_pubsub/py_pubsub.egg-info/SOURCES.txt'
[0.703s] adding license file 'LICENSE'
[0.703s] writing manifest file '../../build/py_pubsub/py_pubsub.egg-info/SOURCES.txt'
[0.703s] running build
[0.703s] running build_py
[0.704s] creating /home/andi/Desktop/ROS2Learning/ros2_pubsub/build/py_pubsub/build
[0.704s] creating /home/andi/Desktop/ROS2Learning/ros2_pubsub/build/py_pubsub/build/lib
[0.704s] creating /home/andi/Desktop/ROS2Learning/ros2_pubsub/build/py_pubsub/build/lib/py_pubsub
[0.704s] copying py_pubsub/publisher_member_function.py -> /home/andi/Desktop/ROS2Learning/ros2_pubsub/build/py_pubsub/build/lib/py_pubsub
[0.704s] copying py_pubsub/subscriber_member_function.py -> /home/andi/Desktop/ROS2Learning/ros2_pubsub/build/py_pubsub/build/lib/py_pubsub
[0.704s] copying py_pubsub/__init__.py -> /home/andi/Desktop/ROS2Learning/ros2_pubsub/build/py_pubsub/build/lib/py_pubsub
[0.704s] running install
[0.704s] running install_lib
[0.705s] creating /home/andi/Desktop/ROS2Learning/ros2_pubsub/install/py_pubsub/lib/python3.10/site-packages/py_pubsub
[0.705s] copying /home/andi/Desktop/ROS2Learning/ros2_pubsub/build/py_pubsub/build/lib/py_pubsub/publisher_member_function.py -> /home/andi/Desktop/ROS2Learning/ros2_pubsub/install/py_pubsub/lib/python3.10/site-packages/py_pubsub
[0.705s] copying /home/andi/Desktop/ROS2Learning/ros2_pubsub/build/py_pubsub/build/lib/py_pubsub/subscriber_member_function.py -> /home/andi/Desktop/ROS2Learning/ros2_pubsub/install/py_pubsub/lib/python3.10/site-packages/py_pubsub
[0.705s] copying /home/andi/Desktop/ROS2Learning/ros2_pubsub/build/py_pubsub/build/lib/py_pubsub/__init__.py -> /home/andi/Desktop/ROS2Learning/ros2_pubsub/install/py_pubsub/lib/python3.10/site-packages/py_pubsub
[0.706s] byte-compiling /home/andi/Desktop/ROS2Learning/ros2_pubsub/install/py_pubsub/lib/python3.10/site-packages/py_pubsub/publisher_member_function.py to publisher_member_function.cpython-310.pyc
[0.706s] byte-compiling /home/andi/Desktop/ROS2Learning/ros2_pubsub/install/py_pubsub/lib/python3.10/site-packages/py_pubsub/subscriber_member_function.py to subscriber_member_function.cpython-310.pyc
[0.706s] byte-compiling /home/andi/Desktop/ROS2Learning/ros2_pubsub/install/py_pubsub/lib/python3.10/site-packages/py_pubsub/__init__.py to __init__.cpython-310.pyc
[0.707s] running install_data
[0.707s] creating /home/andi/Desktop/ROS2Learning/ros2_pubsub/install/py_pubsub/share/ament_index
[0.707s] creating /home/andi/Desktop/ROS2Learning/ros2_pubsub/install/py_pubsub/share/ament_index/resource_index
[0.707s] creating /home/andi/Desktop/ROS2Learning/ros2_pubsub/install/py_pubsub/share/ament_index/resource_index/packages
[0.707s] copying resource/py_pubsub -> /home/andi/Desktop/ROS2Learning/ros2_pubsub/install/py_pubsub/share/ament_index/resource_index/packages
[0.707s] copying package.xml -> /home/andi/Desktop/ROS2Learning/ros2_pubsub/install/py_pubsub/share/py_pubsub
[0.707s] running install_egg_info
[0.708s] Copying ../../build/py_pubsub/py_pubsub.egg-info to /home/andi/Desktop/ROS2Learning/ros2_pubsub/install/py_pubsub/lib/python3.10/site-packages/py_pubsub-0.0.0-py3.10.egg-info
[0.709s] running install_scripts
[0.727s] Installing listener script to /home/andi/Desktop/ROS2Learning/ros2_pubsub/install/py_pubsub/lib/py_pubsub
[0.727s] Installing talker script to /home/andi/Desktop/ROS2Learning/ros2_pubsub/install/py_pubsub/lib/py_pubsub
[0.727s] writing list of installed files to '/home/andi/Desktop/ROS2Learning/ros2_pubsub/build/py_pubsub/install.log'
[0.750s] Invoked command in '/home/andi/Desktop/ROS2Learning/ros2_pubsub/src/py_pubsub' returned '0': PYTHONPATH=/home/andi/Desktop/ROS2Learning/ros2_pubsub/build/py_pubsub/prefix_override:/usr/lib/python3/dist-packages/colcon_core/task/python/colcon_distutils_commands:/home/andi/Desktop/ROS2Learning/ros2_pubsub/install/py_pubsub/lib/python3.10/site-packages:${PYTHONPATH} /usr/bin/python3 -W ignore:setup.py install is deprecated -W ignore:easy_install command is deprecated setup.py egg_info --egg-base ../../build/py_pubsub build --build-base /home/andi/Desktop/ROS2Learning/ros2_pubsub/build/py_pubsub/build install --record /home/andi/Desktop/ROS2Learning/ros2_pubsub/build/py_pubsub/install.log --single-version-externally-managed install_data
