[1.970s] Invoking command in '/home/andi/Desktop/ROS2Learning/ros2_turtlectrl/src/py_turtlectrl': PYTHONPATH=/home/andi/Desktop/ROS2Learning/ros2_turtlectrl/build/py_turtlectrl/prefix_override:/usr/lib/python3/dist-packages/colcon_core/task/python/colcon_distutils_commands:/home/andi/Desktop/ROS2Learning/ros2_turtlectrl/install/py_turtlectrl/lib/python3.10/site-packages:${PYTHONPATH} /usr/bin/python3 -W ignore:setup.py install is deprecated -W ignore:easy_install command is deprecated setup.py egg_info --egg-base ../../build/py_turtlectrl build --build-base /home/andi/Desktop/ROS2Learning/ros2_turtlectrl/build/py_turtlectrl/build install --record /home/andi/Desktop/ROS2Learning/ros2_turtlectrl/build/py_turtlectrl/install.log --single-version-externally-managed install_data
[2.674s] running egg_info
[2.676s] writing ../../build/py_turtlectrl/py_turtlectrl.egg-info/PKG-INFO
[2.676s] writing dependency_links to ../../build/py_turtlectrl/py_turtlectrl.egg-info/dependency_links.txt
[2.676s] writing entry points to ../../build/py_turtlectrl/py_turtlectrl.egg-info/entry_points.txt
[2.676s] writing requirements to ../../build/py_turtlectrl/py_turtlectrl.egg-info/requires.txt
[2.677s] writing top-level names to ../../build/py_turtlectrl/py_turtlectrl.egg-info/top_level.txt
[2.681s] reading manifest file '../../build/py_turtlectrl/py_turtlectrl.egg-info/SOURCES.txt'
[2.681s] adding license file 'LICENSE'
[2.689s] writing manifest file '../../build/py_turtlectrl/py_turtlectrl.egg-info/SOURCES.txt'
[2.689s] running build
[2.690s] running build_py
[2.690s] copying py_turtlectrl/turtle_ctrl.py -> /home/andi/Desktop/ROS2Learning/ros2_turtlectrl/build/py_turtlectrl/build/lib/py_turtlectrl
[2.691s] running install
[2.691s] running install_lib
[2.692s] copying /home/andi/Desktop/ROS2Learning/ros2_turtlectrl/build/py_turtlectrl/build/lib/py_turtlectrl/turtle_ctrl.py -> /home/andi/Desktop/ROS2Learning/ros2_turtlectrl/install/py_turtlectrl/lib/python3.10/site-packages/py_turtlectrl
[2.693s] byte-compiling /home/andi/Desktop/ROS2Learning/ros2_turtlectrl/install/py_turtlectrl/lib/python3.10/site-packages/py_turtlectrl/turtle_ctrl.py to turtle_ctrl.cpython-310.pyc
[2.695s] running install_data
[2.695s] running install_egg_info
[2.705s] removing '/home/andi/Desktop/ROS2Learning/ros2_turtlectrl/install/py_turtlectrl/lib/python3.10/site-packages/py_turtlectrl-0.0.0-py3.10.egg-info' (and everything under it)
[2.706s] Copying ../../build/py_turtlectrl/py_turtlectrl.egg-info to /home/andi/Desktop/ROS2Learning/ros2_turtlectrl/install/py_turtlectrl/lib/python3.10/site-packages/py_turtlectrl-0.0.0-py3.10.egg-info
[2.707s] running install_scripts
[2.773s] Installing controller script to /home/andi/Desktop/ROS2Learning/ros2_turtlectrl/install/py_turtlectrl/lib/py_turtlectrl
[2.773s] writing list of installed files to '/home/andi/Desktop/ROS2Learning/ros2_turtlectrl/build/py_turtlectrl/install.log'
[2.868s] Invoked command in '/home/andi/Desktop/ROS2Learning/ros2_turtlectrl/src/py_turtlectrl' returned '0': PYTHONPATH=/home/andi/Desktop/ROS2Learning/ros2_turtlectrl/build/py_turtlectrl/prefix_override:/usr/lib/python3/dist-packages/colcon_core/task/python/colcon_distutils_commands:/home/andi/Desktop/ROS2Learning/ros2_turtlectrl/install/py_turtlectrl/lib/python3.10/site-packages:${PYTHONPATH} /usr/bin/python3 -W ignore:setup.py install is deprecated -W ignore:easy_install command is deprecated setup.py egg_info --egg-base ../../build/py_turtlectrl build --build-base /home/andi/Desktop/ROS2Learning/ros2_turtlectrl/build/py_turtlectrl/build install --record /home/andi/Desktop/ROS2Learning/ros2_turtlectrl/build/py_turtlectrl/install.log --single-version-externally-managed install_data
