[0.527s] Invoking command in '/home/andi/Desktop/ROS2Learning/ros2_turtlectrl/src/py_turtlectrl': PYTHONPATH=/home/andi/Desktop/ROS2Learning/ros2_turtlectrl/build/py_turtlectrl/prefix_override:/usr/lib/python3/dist-packages/colcon_core/task/python/colcon_distutils_commands:/home/andi/Desktop/ROS2Learning/ros2_turtlectrl/install/py_turtlectrl/lib/python3.10/site-packages:${PYTHONPATH} /usr/bin/python3 -W ignore:setup.py install is deprecated -W ignore:easy_install command is deprecated setup.py egg_info --egg-base ../../build/py_turtlectrl build --build-base /home/andi/Desktop/ROS2Learning/ros2_turtlectrl/build/py_turtlectrl/build install --record /home/andi/Desktop/ROS2Learning/ros2_turtlectrl/build/py_turtlectrl/install.log --single-version-externally-managed install_data
[0.724s] running egg_info
[0.724s] creating ../../build/py_turtlectrl/py_turtlectrl.egg-info
[0.724s] writing ../../build/py_turtlectrl/py_turtlectrl.egg-info/PKG-INFO
[0.725s] writing dependency_links to ../../build/py_turtlectrl/py_turtlectrl.egg-info/dependency_links.txt
[0.725s] writing entry points to ../../build/py_turtlectrl/py_turtlectrl.egg-info/entry_points.txt
[0.725s] writing requirements to ../../build/py_turtlectrl/py_turtlectrl.egg-info/requires.txt
[0.725s] writing top-level names to ../../build/py_turtlectrl/py_turtlectrl.egg-info/top_level.txt
[0.725s] writing manifest file '../../build/py_turtlectrl/py_turtlectrl.egg-info/SOURCES.txt'
[0.726s] reading manifest file '../../build/py_turtlectrl/py_turtlectrl.egg-info/SOURCES.txt'
[0.726s] adding license file 'LICENSE'
[0.727s] writing manifest file '../../build/py_turtlectrl/py_turtlectrl.egg-info/SOURCES.txt'
[0.727s] running build
[0.727s] running build_py
[0.728s] creating /home/andi/Desktop/ROS2Learning/ros2_turtlectrl/build/py_turtlectrl/build
[0.728s] creating /home/andi/Desktop/ROS2Learning/ros2_turtlectrl/build/py_turtlectrl/build/lib
[0.728s] creating /home/andi/Desktop/ROS2Learning/ros2_turtlectrl/build/py_turtlectrl/build/lib/py_turtlectrl
[0.728s] copying py_turtlectrl/turtle_ctrl.py -> /home/andi/Desktop/ROS2Learning/ros2_turtlectrl/build/py_turtlectrl/build/lib/py_turtlectrl
[0.728s] copying py_turtlectrl/__init__.py -> /home/andi/Desktop/ROS2Learning/ros2_turtlectrl/build/py_turtlectrl/build/lib/py_turtlectrl
[0.728s] running install
[0.728s] running install_lib
[0.729s] creating /home/andi/Desktop/ROS2Learning/ros2_turtlectrl/install/py_turtlectrl/lib/python3.10/site-packages/py_turtlectrl
[0.729s] copying /home/andi/Desktop/ROS2Learning/ros2_turtlectrl/build/py_turtlectrl/build/lib/py_turtlectrl/turtle_ctrl.py -> /home/andi/Desktop/ROS2Learning/ros2_turtlectrl/install/py_turtlectrl/lib/python3.10/site-packages/py_turtlectrl
[0.730s] copying /home/andi/Desktop/ROS2Learning/ros2_turtlectrl/build/py_turtlectrl/build/lib/py_turtlectrl/__init__.py -> /home/andi/Desktop/ROS2Learning/ros2_turtlectrl/install/py_turtlectrl/lib/python3.10/site-packages/py_turtlectrl
[0.730s] byte-compiling /home/andi/Desktop/ROS2Learning/ros2_turtlectrl/install/py_turtlectrl/lib/python3.10/site-packages/py_turtlectrl/turtle_ctrl.py to turtle_ctrl.cpython-310.pyc
[0.731s] byte-compiling /home/andi/Desktop/ROS2Learning/ros2_turtlectrl/install/py_turtlectrl/lib/python3.10/site-packages/py_turtlectrl/__init__.py to __init__.cpython-310.pyc
[0.731s] running install_data
[0.731s] creating /home/andi/Desktop/ROS2Learning/ros2_turtlectrl/install/py_turtlectrl/share/ament_index
[0.731s] creating /home/andi/Desktop/ROS2Learning/ros2_turtlectrl/install/py_turtlectrl/share/ament_index/resource_index
[0.731s] creating /home/andi/Desktop/ROS2Learning/ros2_turtlectrl/install/py_turtlectrl/share/ament_index/resource_index/packages
[0.731s] copying resource/py_turtlectrl -> /home/andi/Desktop/ROS2Learning/ros2_turtlectrl/install/py_turtlectrl/share/ament_index/resource_index/packages
[0.731s] copying package.xml -> /home/andi/Desktop/ROS2Learning/ros2_turtlectrl/install/py_turtlectrl/share/py_turtlectrl
[0.731s] running install_egg_info
[0.733s] Copying ../../build/py_turtlectrl/py_turtlectrl.egg-info to /home/andi/Desktop/ROS2Learning/ros2_turtlectrl/install/py_turtlectrl/lib/python3.10/site-packages/py_turtlectrl-0.0.0-py3.10.egg-info
[0.734s] running install_scripts
[0.752s] Installing controller script to /home/andi/Desktop/ROS2Learning/ros2_turtlectrl/install/py_turtlectrl/lib/py_turtlectrl
[0.752s] writing list of installed files to '/home/andi/Desktop/ROS2Learning/ros2_turtlectrl/build/py_turtlectrl/install.log'
[0.774s] Invoked command in '/home/andi/Desktop/ROS2Learning/ros2_turtlectrl/src/py_turtlectrl' returned '0': PYTHONPATH=/home/andi/Desktop/ROS2Learning/ros2_turtlectrl/build/py_turtlectrl/prefix_override:/usr/lib/python3/dist-packages/colcon_core/task/python/colcon_distutils_commands:/home/andi/Desktop/ROS2Learning/ros2_turtlectrl/install/py_turtlectrl/lib/python3.10/site-packages:${PYTHONPATH} /usr/bin/python3 -W ignore:setup.py install is deprecated -W ignore:easy_install command is deprecated setup.py egg_info --egg-base ../../build/py_turtlectrl build --build-base /home/andi/Desktop/ROS2Learning/ros2_turtlectrl/build/py_turtlectrl/build install --record /home/andi/Desktop/ROS2Learning/ros2_turtlectrl/build/py_turtlectrl/install.log --single-version-externally-managed install_data
