[0.091s] DEBUG:colcon:Command line arguments: ['/usr/bin/colcon', 'build']
[0.092s] DEBUG:colcon:Parsed command line arguments: Namespace(log_base=None, log_level=None, verb_name='build', build_base='build', install_base='install', merge_install=False, symlink_install=False, test_result_base=None, continue_on_error=False, executor='parallel', parallel_workers=8, event_handlers=None, ignore_user_meta=False, metas=['./colcon.meta'], base_paths=['.'], packages_ignore=None, packages_ignore_regex=None, paths=None, packages_up_to=None, packages_up_to_regex=None, packages_above=None, packages_above_and_dependencies=None, packages_above_depth=None, packages_select_by_dep=None, packages_skip_by_dep=None, packages_skip_up_to=None, packages_select_build_failed=False, packages_skip_build_finished=False, packages_select_test_failures=False, packages_skip_test_passed=False, packages_select=None, packages_skip=None, packages_select_regex=None, packages_skip_regex=None, packages_start=None, packages_end=None, allow_overriding=[], cmake_args=None, cmake_target=None, cmake_target_skip_unavailable=False, cmake_clean_cache=False, cmake_clean_first=False, cmake_force_configure=False, ament_cmake_args=None, catkin_cmake_args=None, catkin_skip_building_tests=False, verb_parser=<colcon_defaults.argument_parser.defaults.DefaultArgumentsDecorator object at 0x71941b427100>, verb_extension=<colcon_core.verb.build.BuildVerb object at 0x71941b56c5e0>, main=<bound method BuildVerb.main of <colcon_core.verb.build.BuildVerb object at 0x71941b56c5e0>>)
[0.228s] Level 1:colcon.colcon_core.package_discovery:discover_packages(colcon_meta) check parameters
[0.228s] Level 1:colcon.colcon_core.package_discovery:discover_packages(recursive) check parameters
[0.228s] Level 1:colcon.colcon_core.package_discovery:discover_packages(ignore) check parameters
[0.228s] Level 1:colcon.colcon_core.package_discovery:discover_packages(path) check parameters
[0.228s] Level 1:colcon.colcon_core.package_discovery:discover_packages(colcon_meta) discover
[0.275s] Level 1:colcon.colcon_core.package_discovery:discover_packages(recursive) discover
[0.275s] INFO:colcon.colcon_core.package_discovery:Crawling recursively for packages in '/home/andi/Desktop/ROS2Learning/ros2_turtlectrl'
[0.275s] Level 1:colcon.colcon_core.package_identification:_identify(.) by extensions ['ignore', 'ignore_ament_install']
[0.275s] Level 1:colcon.colcon_core.package_identification:_identify(.) by extension 'ignore'
[0.275s] Level 1:colcon.colcon_core.package_identification:_identify(.) by extension 'ignore_ament_install'
[0.275s] Level 1:colcon.colcon_core.package_identification:_identify(.) by extensions ['colcon_pkg']
[0.275s] Level 1:colcon.colcon_core.package_identification:_identify(.) by extension 'colcon_pkg'
[0.275s] Level 1:colcon.colcon_core.package_identification:_identify(.) by extensions ['colcon_meta']
[0.276s] Level 1:colcon.colcon_core.package_identification:_identify(.) by extension 'colcon_meta'
[0.276s] Level 1:colcon.colcon_core.package_identification:_identify(.) by extensions ['ros']
[0.276s] Level 1:colcon.colcon_core.package_identification:_identify(.) by extension 'ros'
[0.292s] Level 1:colcon.colcon_core.package_identification:_identify(.) by extensions ['cmake', 'python']
[0.292s] Level 1:colcon.colcon_core.package_identification:_identify(.) by extension 'cmake'
[0.292s] Level 1:colcon.colcon_core.package_identification:_identify(.) by extension 'python'
[0.292s] Level 1:colcon.colcon_core.package_identification:_identify(.) by extensions ['python_setup_py']
[0.292s] Level 1:colcon.colcon_core.package_identification:_identify(.) by extension 'python_setup_py'
[0.292s] Level 1:colcon.colcon_core.package_identification:_identify(build) by extensions ['ignore', 'ignore_ament_install']
[0.292s] Level 1:colcon.colcon_core.package_identification:_identify(build) by extension 'ignore'
[0.292s] Level 1:colcon.colcon_core.package_identification:_identify(build) ignored
[0.292s] Level 1:colcon.colcon_core.package_identification:_identify(install) by extensions ['ignore', 'ignore_ament_install']
[0.293s] Level 1:colcon.colcon_core.package_identification:_identify(install) by extension 'ignore'
[0.293s] Level 1:colcon.colcon_core.package_identification:_identify(install) ignored
[0.293s] Level 1:colcon.colcon_core.package_identification:_identify(log) by extensions ['ignore', 'ignore_ament_install']
[0.293s] Level 1:colcon.colcon_core.package_identification:_identify(log) by extension 'ignore'
[0.293s] Level 1:colcon.colcon_core.package_identification:_identify(log) ignored
[0.293s] Level 1:colcon.colcon_core.package_identification:_identify(src) by extensions ['ignore', 'ignore_ament_install']
[0.293s] Level 1:colcon.colcon_core.package_identification:_identify(src) by extension 'ignore'
[0.293s] Level 1:colcon.colcon_core.package_identification:_identify(src) by extension 'ignore_ament_install'
[0.293s] Level 1:colcon.colcon_core.package_identification:_identify(src) by extensions ['colcon_pkg']
[0.293s] Level 1:colcon.colcon_core.package_identification:_identify(src) by extension 'colcon_pkg'
[0.293s] Level 1:colcon.colcon_core.package_identification:_identify(src) by extensions ['colcon_meta']
[0.293s] Level 1:colcon.colcon_core.package_identification:_identify(src) by extension 'colcon_meta'
[0.294s] Level 1:colcon.colcon_core.package_identification:_identify(src) by extensions ['ros']
[0.294s] Level 1:colcon.colcon_core.package_identification:_identify(src) by extension 'ros'
[0.294s] Level 1:colcon.colcon_core.package_identification:_identify(src) by extensions ['cmake', 'python']
[0.294s] Level 1:colcon.colcon_core.package_identification:_identify(src) by extension 'cmake'
[0.294s] Level 1:colcon.colcon_core.package_identification:_identify(src) by extension 'python'
[0.294s] Level 1:colcon.colcon_core.package_identification:_identify(src) by extensions ['python_setup_py']
[0.294s] Level 1:colcon.colcon_core.package_identification:_identify(src) by extension 'python_setup_py'
[0.294s] Level 1:colcon.colcon_core.package_identification:_identify(src/py_turtlectrl) by extensions ['ignore', 'ignore_ament_install']
[0.294s] Level 1:colcon.colcon_core.package_identification:_identify(src/py_turtlectrl) by extension 'ignore'
[0.294s] Level 1:colcon.colcon_core.package_identification:_identify(src/py_turtlectrl) by extension 'ignore_ament_install'
[0.294s] Level 1:colcon.colcon_core.package_identification:_identify(src/py_turtlectrl) by extensions ['colcon_pkg']
[0.294s] Level 1:colcon.colcon_core.package_identification:_identify(src/py_turtlectrl) by extension 'colcon_pkg'
[0.294s] Level 1:colcon.colcon_core.package_identification:_identify(src/py_turtlectrl) by extensions ['colcon_meta']
[0.294s] Level 1:colcon.colcon_core.package_identification:_identify(src/py_turtlectrl) by extension 'colcon_meta'
[0.295s] Level 1:colcon.colcon_core.package_identification:_identify(src/py_turtlectrl) by extensions ['ros']
[0.295s] Level 1:colcon.colcon_core.package_identification:_identify(src/py_turtlectrl) by extension 'ros'
[0.298s] DEBUG:colcon.colcon_core.package_identification:Package 'src/py_turtlectrl' with type 'ros.ament_python' and name 'py_turtlectrl'
[0.298s] Level 1:colcon.colcon_core.package_discovery:discover_packages(recursive) using defaults
[0.298s] Level 1:colcon.colcon_core.package_discovery:discover_packages(ignore) discover
[0.298s] Level 1:colcon.colcon_core.package_discovery:discover_packages(ignore) using defaults
[0.298s] Level 1:colcon.colcon_core.package_discovery:discover_packages(path) discover
[0.298s] Level 1:colcon.colcon_core.package_discovery:discover_packages(path) using defaults
[0.319s] Level 1:colcon.colcon_core.package_discovery:discover_packages(prefix_path) check parameters
[0.319s] Level 1:colcon.colcon_core.package_discovery:discover_packages(prefix_path) discover
[0.321s] DEBUG:colcon.colcon_installed_package_information.package_discovery:Found 272 installed packages in /opt/ros/humble
[0.322s] Level 1:colcon.colcon_core.package_discovery:discover_packages(prefix_path) using defaults
[0.364s] Level 5:colcon.colcon_core.verb:set package 'py_turtlectrl' build argument 'cmake_args' from command line to 'None'
[0.364s] Level 5:colcon.colcon_core.verb:set package 'py_turtlectrl' build argument 'cmake_target' from command line to 'None'
[0.364s] Level 5:colcon.colcon_core.verb:set package 'py_turtlectrl' build argument 'cmake_target_skip_unavailable' from command line to 'False'
[0.364s] Level 5:colcon.colcon_core.verb:set package 'py_turtlectrl' build argument 'cmake_clean_cache' from command line to 'False'
[0.364s] Level 5:colcon.colcon_core.verb:set package 'py_turtlectrl' build argument 'cmake_clean_first' from command line to 'False'
[0.364s] Level 5:colcon.colcon_core.verb:set package 'py_turtlectrl' build argument 'cmake_force_configure' from command line to 'False'
[0.364s] Level 5:colcon.colcon_core.verb:set package 'py_turtlectrl' build argument 'ament_cmake_args' from command line to 'None'
[0.364s] Level 5:colcon.colcon_core.verb:set package 'py_turtlectrl' build argument 'catkin_cmake_args' from command line to 'None'
[0.364s] Level 5:colcon.colcon_core.verb:set package 'py_turtlectrl' build argument 'catkin_skip_building_tests' from command line to 'False'
[0.364s] DEBUG:colcon.colcon_core.verb:Building package 'py_turtlectrl' with the following arguments: {'ament_cmake_args': None, 'build_base': '/home/andi/Desktop/ROS2Learning/ros2_turtlectrl/build/py_turtlectrl', 'catkin_cmake_args': None, 'catkin_skip_building_tests': False, 'cmake_args': None, 'cmake_clean_cache': False, 'cmake_clean_first': False, 'cmake_force_configure': False, 'cmake_target': None, 'cmake_target_skip_unavailable': False, 'install_base': '/home/andi/Desktop/ROS2Learning/ros2_turtlectrl/install/py_turtlectrl', 'merge_install': False, 'path': '/home/andi/Desktop/ROS2Learning/ros2_turtlectrl/src/py_turtlectrl', 'symlink_install': False, 'test_result_base': None}
[0.365s] INFO:colcon.colcon_core.executor:Executing jobs using 'parallel' executor
[0.365s] DEBUG:colcon.colcon_parallel_executor.executor.parallel:run_until_complete
[0.366s] INFO:colcon.colcon_ros.task.ament_python.build:Building ROS package in '/home/andi/Desktop/ROS2Learning/ros2_turtlectrl/src/py_turtlectrl' with build type 'ament_python'
[0.366s] Level 1:colcon.colcon_core.shell:create_environment_hook('py_turtlectrl', 'ament_prefix_path')
[0.367s] INFO:colcon.colcon_core.plugin_system:Skipping extension 'colcon_core.shell.bat': Not used on non-Windows systems
[0.368s] INFO:colcon.colcon_core.shell:Creating environment hook '/home/andi/Desktop/ROS2Learning/ros2_turtlectrl/install/py_turtlectrl/share/py_turtlectrl/hook/ament_prefix_path.ps1'
[0.368s] INFO:colcon.colcon_core.shell:Creating environment descriptor '/home/andi/Desktop/ROS2Learning/ros2_turtlectrl/install/py_turtlectrl/share/py_turtlectrl/hook/ament_prefix_path.dsv'
[0.369s] INFO:colcon.colcon_core.shell:Creating environment hook '/home/andi/Desktop/ROS2Learning/ros2_turtlectrl/install/py_turtlectrl/share/py_turtlectrl/hook/ament_prefix_path.sh'
[0.369s] INFO:colcon.colcon_core.shell:Skip shell extension 'powershell' for command environment: Not usable outside of PowerShell
[0.369s] DEBUG:colcon.colcon_core.shell:Skip shell extension 'dsv' for command environment
[0.626s] INFO:colcon.colcon_core.task.python.build:Building Python package in '/home/andi/Desktop/ROS2Learning/ros2_turtlectrl/src/py_turtlectrl'
[0.627s] INFO:colcon.colcon_core.shell:Skip shell extension 'powershell' for command environment: Not usable outside of PowerShell
[0.627s] DEBUG:colcon.colcon_core.shell:Skip shell extension 'dsv' for command environment
[0.962s] DEBUG:colcon.colcon_core.event_handler.log_command:Invoking command in '/home/andi/Desktop/ROS2Learning/ros2_turtlectrl/src/py_turtlectrl': PYTHONPATH=/home/andi/Desktop/ROS2Learning/ros2_turtlectrl/build/py_turtlectrl/prefix_override:/usr/lib/python3/dist-packages/colcon_core/task/python/colcon_distutils_commands:/home/andi/Desktop/ROS2Learning/ros2_turtlectrl/install/py_turtlectrl/lib/python3.10/site-packages:${PYTHONPATH} /usr/bin/python3 -W ignore:setup.py install is deprecated -W ignore:easy_install command is deprecated setup.py egg_info --egg-base ../../build/py_turtlectrl build --build-base /home/andi/Desktop/ROS2Learning/ros2_turtlectrl/build/py_turtlectrl/build install --record /home/andi/Desktop/ROS2Learning/ros2_turtlectrl/build/py_turtlectrl/install.log --single-version-externally-managed install_data
[1.281s] DEBUG:colcon.colcon_core.event_handler.log_command:Invoked command in '/home/andi/Desktop/ROS2Learning/ros2_turtlectrl/src/py_turtlectrl' returned '0': PYTHONPATH=/home/andi/Desktop/ROS2Learning/ros2_turtlectrl/build/py_turtlectrl/prefix_override:/usr/lib/python3/dist-packages/colcon_core/task/python/colcon_distutils_commands:/home/andi/Desktop/ROS2Learning/ros2_turtlectrl/install/py_turtlectrl/lib/python3.10/site-packages:${PYTHONPATH} /usr/bin/python3 -W ignore:setup.py install is deprecated -W ignore:easy_install command is deprecated setup.py egg_info --egg-base ../../build/py_turtlectrl build --build-base /home/andi/Desktop/ROS2Learning/ros2_turtlectrl/build/py_turtlectrl/build install --record /home/andi/Desktop/ROS2Learning/ros2_turtlectrl/build/py_turtlectrl/install.log --single-version-externally-managed install_data
[1.283s] Level 1:colcon.colcon_core.environment:checking '/home/andi/Desktop/ROS2Learning/ros2_turtlectrl/install/py_turtlectrl' for CMake module files
[1.283s] Level 1:colcon.colcon_core.environment:checking '/home/andi/Desktop/ROS2Learning/ros2_turtlectrl/install/py_turtlectrl' for CMake config files
[1.284s] Level 1:colcon.colcon_core.environment:checking '/home/andi/Desktop/ROS2Learning/ros2_turtlectrl/install/py_turtlectrl/lib'
[1.284s] Level 1:colcon.colcon_core.environment:checking '/home/andi/Desktop/ROS2Learning/ros2_turtlectrl/install/py_turtlectrl/bin'
[1.284s] Level 1:colcon.colcon_core.environment:checking '/home/andi/Desktop/ROS2Learning/ros2_turtlectrl/install/py_turtlectrl/lib/pkgconfig/py_turtlectrl.pc'
[1.284s] Level 1:colcon.colcon_core.environment:checking '/home/andi/Desktop/ROS2Learning/ros2_turtlectrl/install/py_turtlectrl/lib/python3.10/site-packages'
[1.285s] Level 1:colcon.colcon_core.shell:create_environment_hook('py_turtlectrl', 'pythonpath')
[1.285s] INFO:colcon.colcon_core.shell:Creating environment hook '/home/andi/Desktop/ROS2Learning/ros2_turtlectrl/install/py_turtlectrl/share/py_turtlectrl/hook/pythonpath.ps1'
[1.285s] INFO:colcon.colcon_core.shell:Creating environment descriptor '/home/andi/Desktop/ROS2Learning/ros2_turtlectrl/install/py_turtlectrl/share/py_turtlectrl/hook/pythonpath.dsv'
[1.286s] INFO:colcon.colcon_core.shell:Creating environment hook '/home/andi/Desktop/ROS2Learning/ros2_turtlectrl/install/py_turtlectrl/share/py_turtlectrl/hook/pythonpath.sh'
[1.286s] Level 1:colcon.colcon_core.environment:checking '/home/andi/Desktop/ROS2Learning/ros2_turtlectrl/install/py_turtlectrl/bin'
[1.286s] Level 1:colcon.colcon_core.environment:create_environment_scripts_only(py_turtlectrl)
[1.287s] INFO:colcon.colcon_core.shell:Creating package script '/home/andi/Desktop/ROS2Learning/ros2_turtlectrl/install/py_turtlectrl/share/py_turtlectrl/package.ps1'
[1.288s] INFO:colcon.colcon_core.shell:Creating package descriptor '/home/andi/Desktop/ROS2Learning/ros2_turtlectrl/install/py_turtlectrl/share/py_turtlectrl/package.dsv'
[1.288s] INFO:colcon.colcon_core.shell:Creating package script '/home/andi/Desktop/ROS2Learning/ros2_turtlectrl/install/py_turtlectrl/share/py_turtlectrl/package.sh'
[1.289s] INFO:colcon.colcon_core.shell:Creating package script '/home/andi/Desktop/ROS2Learning/ros2_turtlectrl/install/py_turtlectrl/share/py_turtlectrl/package.bash'
[1.290s] INFO:colcon.colcon_core.shell:Creating package script '/home/andi/Desktop/ROS2Learning/ros2_turtlectrl/install/py_turtlectrl/share/py_turtlectrl/package.zsh'
[1.290s] Level 1:colcon.colcon_core.environment:create_file_with_runtime_dependencies(/home/andi/Desktop/ROS2Learning/ros2_turtlectrl/install/py_turtlectrl/share/colcon-core/packages/py_turtlectrl)
[1.291s] DEBUG:colcon.colcon_parallel_executor.executor.parallel:closing loop
[1.291s] DEBUG:colcon.colcon_parallel_executor.executor.parallel:loop closed
[1.291s] DEBUG:colcon.colcon_parallel_executor.executor.parallel:run_until_complete finished with '0'
[1.291s] DEBUG:colcon.colcon_core.event_reactor:joining thread
[1.297s] INFO:colcon.colcon_core.plugin_system:Skipping extension 'colcon_notification.desktop_notification.terminal_notifier': Not used on non-Darwin systems
[1.297s] INFO:colcon.colcon_core.plugin_system:Skipping extension 'colcon_notification.desktop_notification.win32': Not used on non-Windows systems
[1.297s] INFO:colcon.colcon_notification.desktop_notification:Sending desktop notification using 'notify2'
[1.308s] DEBUG:colcon.colcon_core.event_reactor:joined thread
[1.309s] INFO:colcon.colcon_core.shell:Creating prefix script '/home/andi/Desktop/ROS2Learning/ros2_turtlectrl/install/local_setup.ps1'
[1.310s] INFO:colcon.colcon_core.shell:Creating prefix util module '/home/andi/Desktop/ROS2Learning/ros2_turtlectrl/install/_local_setup_util_ps1.py'
[1.312s] INFO:colcon.colcon_core.shell:Creating prefix chain script '/home/andi/Desktop/ROS2Learning/ros2_turtlectrl/install/setup.ps1'
[1.314s] INFO:colcon.colcon_core.shell:Creating prefix script '/home/andi/Desktop/ROS2Learning/ros2_turtlectrl/install/local_setup.sh'
[1.316s] INFO:colcon.colcon_core.shell:Creating prefix util module '/home/andi/Desktop/ROS2Learning/ros2_turtlectrl/install/_local_setup_util_sh.py'
[1.317s] INFO:colcon.colcon_core.shell:Creating prefix chain script '/home/andi/Desktop/ROS2Learning/ros2_turtlectrl/install/setup.sh'
[1.318s] INFO:colcon.colcon_core.shell:Creating prefix script '/home/andi/Desktop/ROS2Learning/ros2_turtlectrl/install/local_setup.bash'
[1.319s] INFO:colcon.colcon_core.shell:Creating prefix chain script '/home/andi/Desktop/ROS2Learning/ros2_turtlectrl/install/setup.bash'
[1.320s] INFO:colcon.colcon_core.shell:Creating prefix script '/home/andi/Desktop/ROS2Learning/ros2_turtlectrl/install/local_setup.zsh'
[1.321s] INFO:colcon.colcon_core.shell:Creating prefix chain script '/home/andi/Desktop/ROS2Learning/ros2_turtlectrl/install/setup.zsh'
