[0.168s] DEBUG:colcon:Command line arguments: ['/usr/bin/colcon', 'build']
[0.168s] DEBUG:colcon:Parsed command line arguments: Namespace(log_base=None, log_level=None, verb_name='build', build_base='build', install_base='install', merge_install=False, symlink_install=False, test_result_base=None, continue_on_error=False, executor='parallel', parallel_workers=8, event_handlers=None, ignore_user_meta=False, metas=['./colcon.meta'], base_paths=['.'], packages_ignore=None, packages_ignore_regex=None, paths=None, packages_up_to=None, packages_up_to_regex=None, packages_above=None, packages_above_and_dependencies=None, packages_above_depth=None, packages_select_by_dep=None, packages_skip_by_dep=None, packages_skip_up_to=None, packages_select_build_failed=False, packages_skip_build_finished=False, packages_select_test_failures=False, packages_skip_test_passed=False, packages_select=None, packages_skip=None, packages_select_regex=None, packages_skip_regex=None, packages_start=None, packages_end=None, allow_overriding=[], cmake_args=None, cmake_target=None, cmake_target_skip_unavailable=False, cmake_clean_cache=False, cmake_clean_first=False, cmake_force_configure=False, ament_cmake_args=None, catkin_cmake_args=None, catkin_skip_building_tests=False, verb_parser=<colcon_defaults.argument_parser.defaults.DefaultArgumentsDecorator object at 0x75ca6f36c6d0>, verb_extension=<colcon_core.verb.build.BuildVerb object at 0x75ca6f46db40>, main=<bound method BuildVerb.main of <colcon_core.verb.build.BuildVerb object at 0x75ca6f46db40>>)
[0.414s] Level 1:colcon.colcon_core.package_discovery:discover_packages(colcon_meta) check parameters
[0.414s] Level 1:colcon.colcon_core.package_discovery:discover_packages(recursive) check parameters
[0.414s] Level 1:colcon.colcon_core.package_discovery:discover_packages(ignore) check parameters
[0.414s] Level 1:colcon.colcon_core.package_discovery:discover_packages(path) check parameters
[0.414s] Level 1:colcon.colcon_core.package_discovery:discover_packages(colcon_meta) discover
[0.414s] Level 1:colcon.colcon_core.package_discovery:discover_packages(recursive) discover
[0.414s] INFO:colcon.colcon_core.package_discovery:Crawling recursively for packages in '/home/andi/Desktop/ROS2Learning/ros2_turtlectrl'
[0.415s] Level 1:colcon.colcon_core.package_identification:_identify(.) by extensions ['ignore', 'ignore_ament_install']
[0.415s] Level 1:colcon.colcon_core.package_identification:_identify(.) by extension 'ignore'
[0.415s] Level 1:colcon.colcon_core.package_identification:_identify(.) by extension 'ignore_ament_install'
[0.415s] Level 1:colcon.colcon_core.package_identification:_identify(.) by extensions ['colcon_pkg']
[0.415s] Level 1:colcon.colcon_core.package_identification:_identify(.) by extension 'colcon_pkg'
[0.415s] Level 1:colcon.colcon_core.package_identification:_identify(.) by extensions ['colcon_meta']
[0.415s] Level 1:colcon.colcon_core.package_identification:_identify(.) by extension 'colcon_meta'
[0.415s] Level 1:colcon.colcon_core.package_identification:_identify(.) by extensions ['ros']
[0.415s] Level 1:colcon.colcon_core.package_identification:_identify(.) by extension 'ros'
[0.433s] Level 1:colcon.colcon_core.package_identification:_identify(.) by extensions ['cmake', 'python']
[0.433s] Level 1:colcon.colcon_core.package_identification:_identify(.) by extension 'cmake'
[0.433s] Level 1:colcon.colcon_core.package_identification:_identify(.) by extension 'python'
[0.433s] Level 1:colcon.colcon_core.package_identification:_identify(.) by extensions ['python_setup_py']
[0.433s] Level 1:colcon.colcon_core.package_identification:_identify(.) by extension 'python_setup_py'
[0.433s] Level 1:colcon.colcon_core.package_identification:_identify(build) by extensions ['ignore', 'ignore_ament_install']
[0.433s] Level 1:colcon.colcon_core.package_identification:_identify(build) by extension 'ignore'
[0.433s] Level 1:colcon.colcon_core.package_identification:_identify(build) ignored
[0.433s] Level 1:colcon.colcon_core.package_identification:_identify(install) by extensions ['ignore', 'ignore_ament_install']
[0.434s] Level 1:colcon.colcon_core.package_identification:_identify(install) by extension 'ignore'
[0.434s] Level 1:colcon.colcon_core.package_identification:_identify(install) ignored
[0.434s] Level 1:colcon.colcon_core.package_identification:_identify(log) by extensions ['ignore', 'ignore_ament_install']
[0.434s] Level 1:colcon.colcon_core.package_identification:_identify(log) by extension 'ignore'
[0.434s] Level 1:colcon.colcon_core.package_identification:_identify(log) ignored
[0.434s] Level 1:colcon.colcon_core.package_identification:_identify(src) by extensions ['ignore', 'ignore_ament_install']
[0.434s] Level 1:colcon.colcon_core.package_identification:_identify(src) by extension 'ignore'
[0.434s] Level 1:colcon.colcon_core.package_identification:_identify(src) by extension 'ignore_ament_install'
[0.434s] Level 1:colcon.colcon_core.package_identification:_identify(src) by extensions ['colcon_pkg']
[0.434s] Level 1:colcon.colcon_core.package_identification:_identify(src) by extension 'colcon_pkg'
[0.434s] Level 1:colcon.colcon_core.package_identification:_identify(src) by extensions ['colcon_meta']
[0.434s] Level 1:colcon.colcon_core.package_identification:_identify(src) by extension 'colcon_meta'
[0.434s] Level 1:colcon.colcon_core.package_identification:_identify(src) by extensions ['ros']
[0.434s] Level 1:colcon.colcon_core.package_identification:_identify(src) by extension 'ros'
[0.435s] Level 1:colcon.colcon_core.package_identification:_identify(src) by extensions ['cmake', 'python']
[0.435s] Level 1:colcon.colcon_core.package_identification:_identify(src) by extension 'cmake'
[0.435s] Level 1:colcon.colcon_core.package_identification:_identify(src) by extension 'python'
[0.435s] Level 1:colcon.colcon_core.package_identification:_identify(src) by extensions ['python_setup_py']
[0.435s] Level 1:colcon.colcon_core.package_identification:_identify(src) by extension 'python_setup_py'
[0.436s] Level 1:colcon.colcon_core.package_identification:_identify(src/py_turtlectrl) by extensions ['ignore', 'ignore_ament_install']
[0.437s] Level 1:colcon.colcon_core.package_identification:_identify(src/py_turtlectrl) by extension 'ignore'
[0.437s] Level 1:colcon.colcon_core.package_identification:_identify(src/py_turtlectrl) by extension 'ignore_ament_install'
[0.438s] Level 1:colcon.colcon_core.package_identification:_identify(src/py_turtlectrl) by extensions ['colcon_pkg']
[0.439s] Level 1:colcon.colcon_core.package_identification:_identify(src/py_turtlectrl) by extension 'colcon_pkg'
[0.440s] Level 1:colcon.colcon_core.package_identification:_identify(src/py_turtlectrl) by extensions ['colcon_meta']
[0.440s] Level 1:colcon.colcon_core.package_identification:_identify(src/py_turtlectrl) by extension 'colcon_meta'
[0.440s] Level 1:colcon.colcon_core.package_identification:_identify(src/py_turtlectrl) by extensions ['ros']
[0.440s] Level 1:colcon.colcon_core.package_identification:_identify(src/py_turtlectrl) by extension 'ros'
[0.443s] DEBUG:colcon.colcon_core.package_identification:Package 'src/py_turtlectrl' with type 'ros.ament_python' and name 'py_turtlectrl'
[0.444s] Level 1:colcon.colcon_core.package_discovery:discover_packages(recursive) using defaults
[0.444s] Level 1:colcon.colcon_core.package_discovery:discover_packages(ignore) discover
[0.444s] Level 1:colcon.colcon_core.package_discovery:discover_packages(ignore) using defaults
[0.444s] Level 1:colcon.colcon_core.package_discovery:discover_packages(path) discover
[0.444s] Level 1:colcon.colcon_core.package_discovery:discover_packages(path) using defaults
[0.475s] Level 1:colcon.colcon_core.package_discovery:discover_packages(prefix_path) check parameters
[0.475s] Level 1:colcon.colcon_core.package_discovery:discover_packages(prefix_path) discover
[0.479s] DEBUG:colcon.colcon_installed_package_information.package_discovery:Found 441 installed packages in /opt/ros/humble
[0.510s] Level 1:colcon.colcon_core.package_discovery:discover_packages(prefix_path) using defaults
[0.615s] Level 5:colcon.colcon_core.verb:set package 'py_turtlectrl' build argument 'cmake_args' from command line to 'None'
[0.615s] Level 5:colcon.colcon_core.verb:set package 'py_turtlectrl' build argument 'cmake_target' from command line to 'None'
[0.615s] Level 5:colcon.colcon_core.verb:set package 'py_turtlectrl' build argument 'cmake_target_skip_unavailable' from command line to 'False'
[0.615s] Level 5:colcon.colcon_core.verb:set package 'py_turtlectrl' build argument 'cmake_clean_cache' from command line to 'False'
[0.615s] Level 5:colcon.colcon_core.verb:set package 'py_turtlectrl' build argument 'cmake_clean_first' from command line to 'False'
[0.616s] Level 5:colcon.colcon_core.verb:set package 'py_turtlectrl' build argument 'cmake_force_configure' from command line to 'False'
[0.616s] Level 5:colcon.colcon_core.verb:set package 'py_turtlectrl' build argument 'ament_cmake_args' from command line to 'None'
[0.616s] Level 5:colcon.colcon_core.verb:set package 'py_turtlectrl' build argument 'catkin_cmake_args' from command line to 'None'
[0.616s] Level 5:colcon.colcon_core.verb:set package 'py_turtlectrl' build argument 'catkin_skip_building_tests' from command line to 'False'
[0.616s] DEBUG:colcon.colcon_core.verb:Building package 'py_turtlectrl' with the following arguments: {'ament_cmake_args': None, 'build_base': '/home/andi/Desktop/ROS2Learning/ros2_turtlectrl/build/py_turtlectrl', 'catkin_cmake_args': None, 'catkin_skip_building_tests': False, 'cmake_args': None, 'cmake_clean_cache': False, 'cmake_clean_first': False, 'cmake_force_configure': False, 'cmake_target': None, 'cmake_target_skip_unavailable': False, 'install_base': '/home/andi/Desktop/ROS2Learning/ros2_turtlectrl/install/py_turtlectrl', 'merge_install': False, 'path': '/home/andi/Desktop/ROS2Learning/ros2_turtlectrl/src/py_turtlectrl', 'symlink_install': False, 'test_result_base': None}
[0.616s] INFO:colcon.colcon_core.executor:Executing jobs using 'parallel' executor
[0.618s] DEBUG:colcon.colcon_parallel_executor.executor.parallel:run_until_complete
[0.618s] INFO:colcon.colcon_ros.task.ament_python.build:Building ROS package in '/home/andi/Desktop/ROS2Learning/ros2_turtlectrl/src/py_turtlectrl' with build type 'ament_python'
[0.618s] Level 1:colcon.colcon_core.shell:create_environment_hook('py_turtlectrl', 'ament_prefix_path')
[0.620s] INFO:colcon.colcon_core.plugin_system:Skipping extension 'colcon_core.shell.bat': Not used on non-Windows systems
[0.620s] INFO:colcon.colcon_core.shell:Creating environment hook '/home/andi/Desktop/ROS2Learning/ros2_turtlectrl/install/py_turtlectrl/share/py_turtlectrl/hook/ament_prefix_path.ps1'
[0.621s] INFO:colcon.colcon_core.shell:Creating environment descriptor '/home/andi/Desktop/ROS2Learning/ros2_turtlectrl/install/py_turtlectrl/share/py_turtlectrl/hook/ament_prefix_path.dsv'
[0.621s] INFO:colcon.colcon_core.shell:Creating environment hook '/home/andi/Desktop/ROS2Learning/ros2_turtlectrl/install/py_turtlectrl/share/py_turtlectrl/hook/ament_prefix_path.sh'
[0.622s] INFO:colcon.colcon_core.shell:Skip shell extension 'powershell' for command environment: Not usable outside of PowerShell
[0.622s] DEBUG:colcon.colcon_core.shell:Skip shell extension 'dsv' for command environment
[1.121s] INFO:colcon.colcon_core.task.python.build:Building Python package in '/home/andi/Desktop/ROS2Learning/ros2_turtlectrl/src/py_turtlectrl'
[1.121s] INFO:colcon.colcon_core.shell:Skip shell extension 'powershell' for command environment: Not usable outside of PowerShell
[1.122s] DEBUG:colcon.colcon_core.shell:Skip shell extension 'dsv' for command environment
[1.820s] DEBUG:colcon.colcon_core.event_handler.log_command:Invoking command in '/home/andi/Desktop/ROS2Learning/ros2_turtlectrl/src/py_turtlectrl': PYTHONPATH=/home/andi/Desktop/ROS2Learning/ros2_turtlectrl/build/py_turtlectrl/prefix_override:/usr/lib/python3/dist-packages/colcon_core/task/python/colcon_distutils_commands:/home/andi/Desktop/ROS2Learning/ros2_turtlectrl/install/py_turtlectrl/lib/python3.10/site-packages:${PYTHONPATH} /usr/bin/python3 -W ignore:setup.py install is deprecated -W ignore:easy_install command is deprecated setup.py egg_info --egg-base ../../build/py_turtlectrl build --build-base /home/andi/Desktop/ROS2Learning/ros2_turtlectrl/build/py_turtlectrl/build install --record /home/andi/Desktop/ROS2Learning/ros2_turtlectrl/build/py_turtlectrl/install.log --single-version-externally-managed install_data
[2.391s] DEBUG:colcon.colcon_core.event_handler.log_command:Invoked command in '/home/andi/Desktop/ROS2Learning/ros2_turtlectrl/src/py_turtlectrl' returned '0': PYTHONPATH=/home/andi/Desktop/ROS2Learning/ros2_turtlectrl/build/py_turtlectrl/prefix_override:/usr/lib/python3/dist-packages/colcon_core/task/python/colcon_distutils_commands:/home/andi/Desktop/ROS2Learning/ros2_turtlectrl/install/py_turtlectrl/lib/python3.10/site-packages:${PYTHONPATH} /usr/bin/python3 -W ignore:setup.py install is deprecated -W ignore:easy_install command is deprecated setup.py egg_info --egg-base ../../build/py_turtlectrl build --build-base /home/andi/Desktop/ROS2Learning/ros2_turtlectrl/build/py_turtlectrl/build install --record /home/andi/Desktop/ROS2Learning/ros2_turtlectrl/build/py_turtlectrl/install.log --single-version-externally-managed install_data
[2.398s] Level 1:colcon.colcon_core.environment:checking '/home/andi/Desktop/ROS2Learning/ros2_turtlectrl/install/py_turtlectrl' for CMake module files
[2.399s] Level 1:colcon.colcon_core.environment:checking '/home/andi/Desktop/ROS2Learning/ros2_turtlectrl/install/py_turtlectrl' for CMake config files
[2.400s] Level 1:colcon.colcon_core.environment:checking '/home/andi/Desktop/ROS2Learning/ros2_turtlectrl/install/py_turtlectrl/lib'
[2.401s] Level 1:colcon.colcon_core.environment:checking '/home/andi/Desktop/ROS2Learning/ros2_turtlectrl/install/py_turtlectrl/bin'
[2.401s] Level 1:colcon.colcon_core.environment:checking '/home/andi/Desktop/ROS2Learning/ros2_turtlectrl/install/py_turtlectrl/lib/pkgconfig/py_turtlectrl.pc'
[2.401s] Level 1:colcon.colcon_core.environment:checking '/home/andi/Desktop/ROS2Learning/ros2_turtlectrl/install/py_turtlectrl/lib/python3.10/site-packages'
[2.401s] Level 1:colcon.colcon_core.shell:create_environment_hook('py_turtlectrl', 'pythonpath')
[2.402s] INFO:colcon.colcon_core.shell:Creating environment hook '/home/andi/Desktop/ROS2Learning/ros2_turtlectrl/install/py_turtlectrl/share/py_turtlectrl/hook/pythonpath.ps1'
[2.403s] INFO:colcon.colcon_core.shell:Creating environment descriptor '/home/andi/Desktop/ROS2Learning/ros2_turtlectrl/install/py_turtlectrl/share/py_turtlectrl/hook/pythonpath.dsv'
[2.407s] INFO:colcon.colcon_core.shell:Creating environment hook '/home/andi/Desktop/ROS2Learning/ros2_turtlectrl/install/py_turtlectrl/share/py_turtlectrl/hook/pythonpath.sh'
[2.411s] Level 1:colcon.colcon_core.environment:checking '/home/andi/Desktop/ROS2Learning/ros2_turtlectrl/install/py_turtlectrl/bin'
[2.411s] Level 1:colcon.colcon_core.environment:create_environment_scripts_only(py_turtlectrl)
[2.412s] INFO:colcon.colcon_core.shell:Creating package script '/home/andi/Desktop/ROS2Learning/ros2_turtlectrl/install/py_turtlectrl/share/py_turtlectrl/package.ps1'
[2.413s] INFO:colcon.colcon_core.shell:Creating package descriptor '/home/andi/Desktop/ROS2Learning/ros2_turtlectrl/install/py_turtlectrl/share/py_turtlectrl/package.dsv'
[2.414s] INFO:colcon.colcon_core.shell:Creating package script '/home/andi/Desktop/ROS2Learning/ros2_turtlectrl/install/py_turtlectrl/share/py_turtlectrl/package.sh'
[2.415s] INFO:colcon.colcon_core.shell:Creating package script '/home/andi/Desktop/ROS2Learning/ros2_turtlectrl/install/py_turtlectrl/share/py_turtlectrl/package.bash'
[2.417s] INFO:colcon.colcon_core.shell:Creating package script '/home/andi/Desktop/ROS2Learning/ros2_turtlectrl/install/py_turtlectrl/share/py_turtlectrl/package.zsh'
[2.418s] Level 1:colcon.colcon_core.environment:create_file_with_runtime_dependencies(/home/andi/Desktop/ROS2Learning/ros2_turtlectrl/install/py_turtlectrl/share/colcon-core/packages/py_turtlectrl)
[2.419s] DEBUG:colcon.colcon_parallel_executor.executor.parallel:closing loop
[2.421s] DEBUG:colcon.colcon_parallel_executor.executor.parallel:loop closed
[2.422s] DEBUG:colcon.colcon_parallel_executor.executor.parallel:run_until_complete finished with '0'
[2.423s] DEBUG:colcon.colcon_core.event_reactor:joining thread
[2.431s] INFO:colcon.colcon_core.plugin_system:Skipping extension 'colcon_notification.desktop_notification.terminal_notifier': Not used on non-Darwin systems
[2.432s] INFO:colcon.colcon_core.plugin_system:Skipping extension 'colcon_notification.desktop_notification.win32': Not used on non-Windows systems
[2.432s] INFO:colcon.colcon_notification.desktop_notification:Sending desktop notification using 'notify2'
[2.461s] DEBUG:colcon.colcon_core.event_reactor:joined thread
[2.462s] INFO:colcon.colcon_core.shell:Creating prefix script '/home/andi/Desktop/ROS2Learning/ros2_turtlectrl/install/local_setup.ps1'
[2.464s] INFO:colcon.colcon_core.shell:Creating prefix util module '/home/andi/Desktop/ROS2Learning/ros2_turtlectrl/install/_local_setup_util_ps1.py'
[2.466s] INFO:colcon.colcon_core.shell:Creating prefix chain script '/home/andi/Desktop/ROS2Learning/ros2_turtlectrl/install/setup.ps1'
[2.474s] INFO:colcon.colcon_core.shell:Creating prefix script '/home/andi/Desktop/ROS2Learning/ros2_turtlectrl/install/local_setup.sh'
[2.479s] INFO:colcon.colcon_core.shell:Creating prefix util module '/home/andi/Desktop/ROS2Learning/ros2_turtlectrl/install/_local_setup_util_sh.py'
[2.480s] INFO:colcon.colcon_core.shell:Creating prefix chain script '/home/andi/Desktop/ROS2Learning/ros2_turtlectrl/install/setup.sh'
[2.484s] INFO:colcon.colcon_core.shell:Creating prefix script '/home/andi/Desktop/ROS2Learning/ros2_turtlectrl/install/local_setup.bash'
[2.486s] INFO:colcon.colcon_core.shell:Creating prefix chain script '/home/andi/Desktop/ROS2Learning/ros2_turtlectrl/install/setup.bash'
[2.493s] INFO:colcon.colcon_core.shell:Creating prefix script '/home/andi/Desktop/ROS2Learning/ros2_turtlectrl/install/local_setup.zsh'
[2.494s] INFO:colcon.colcon_core.shell:Creating prefix chain script '/home/andi/Desktop/ROS2Learning/ros2_turtlectrl/install/setup.zsh'
