running egg_info
writing ../../build/py_turtlectrl/py_turtlectrl.egg-info/PKG-INFO
writing dependency_links to ../../build/py_turtlectrl/py_turtlectrl.egg-info/dependency_links.txt
writing entry points to ../../build/py_turtlectrl/py_turtlectrl.egg-info/entry_points.txt
writing requirements to ../../build/py_turtlectrl/py_turtlectrl.egg-info/requires.txt
writing top-level names to ../../build/py_turtlectrl/py_turtlectrl.egg-info/top_level.txt
reading manifest file '../../build/py_turtlectrl/py_turtlectrl.egg-info/SOURCES.txt'
adding license file 'LICENSE'
writing manifest file '../../build/py_turtlectrl/py_turtlectrl.egg-info/SOURCES.txt'
running build
running build_py
running install
running install_lib
running install_data
copying package.xml -> /home/andi/Desktop/ROS2Learning/ros2_turtlectrl/install/py_turtlectrl/share/py_turtlectrl
running install_egg_info
removing '/home/andi/Desktop/ROS2Learning/ros2_turtlectrl/install/py_turtlectrl/lib/python3.10/site-packages/py_turtlectrl-0.0.0-py3.10.egg-info' (and everything under it)
Copying ../../build/py_turtlectrl/py_turtlectrl.egg-info to /home/andi/Desktop/ROS2Learning/ros2_turtlectrl/install/py_turtlectrl/lib/python3.10/site-packages/py_turtlectrl-0.0.0-py3.10.egg-info
running install_scripts
Installing controller script to /home/andi/Desktop/ROS2Learning/ros2_turtlectrl/install/py_turtlectrl/lib/py_turtlectrl
writing list of installed files to '/home/andi/Desktop/ROS2Learning/ros2_turtlectrl/build/py_turtlectrl/install.log'
